<?xml version="1.0" encoding="UTF-8"?>
<!-- Generated by org.testng.reporters.JUnitXMLReporter -->
<testsuite hostname="BindhuPrasads-PC" name="AutoGroupTest" tests="11" failures="2" timestamp="16 Mar 2021 13:40:52 GMT" time="655.903" errors="0">
  <testcase name="TestCase_001" time="24.747" classname="com.auto1.test.AddressValidation"/>
  <testcase name="TestCase_002" time="11.461" classname="com.auto1.test.AddressValidation"/>
  <testcase name="TestCase_003" time="51.248" classname="com.auto1.test.AddressValidation"/>
  <testcase name="TestCase_004" time="16.978" classname="com.auto1.test.AddressValidation"/>
  <testcase name="TestCase_005" time="166.419" classname="com.auto1.test.AddressValidation">
    <failure type="java.lang.AssertionError" message="expected [true] but found [false]">
      <![CDATA[java.lang.AssertionError: expected [true] but found [false]
	at com.project.auto1.pages.MyAddessPage.assertAddresslist(MyAddessPage.java:129)
	at com.auto1.test.AddressValidation.TestCase_005(AddressValidation.java:83)
... Removed 28 stack frames]]>
    </failure>
  </testcase> <!-- TestCase_005 -->
  <testcase name="TestCase_006" time="36.673" classname="com.auto1.test.AddressValidation"/>
  <testcase name="TestCase_007" time="8.576" classname="com.auto1.test.AddressValidation">
    <failure type="java.lang.AssertionError" message="expected [false] but found [true]">
      <![CDATA[java.lang.AssertionError: expected [false] but found [true]
	at com.project.auto1.pages.MyAddessPage.assertAddressNotAdded(MyAddessPage.java:68)
	at com.auto1.test.AddressValidation.TestCase_007(AddressValidation.java:112)
... Removed 28 stack frames]]>
    </failure>
  </testcase> <!-- TestCase_007 -->
  <testcase name="TestCase_008" time="132.084" classname="com.auto1.test.AddressValidation"/>
  <testcase name="TestCase_008" time="32.525" classname="com.auto1.test.AddressValidation"/>
  <testcase name="TestCase_001" time="85.922" classname="com.autohero.test.SearchTest"/>
  <testcase name="TestCase_002" time="87.11" classname="com.autohero.test.SearchTest"/>
</testsuite> <!-- AutoGroupTest -->
